# JRE version: Java(TM) SE Runtime Environment 18.9 (11.0.24+7) (build 11.0.24+7-LTS-271)
# Java VM: Java HotSpot(TM) 64-Bit Server VM 18.9 (11.0.24+7-LTS-271, mixed mode, tiered, compressed oops, g1 gc, windows-amd64)
Heap:
 garbage-first heap   total 75776K, used 34053K [0x0000000702000000, 0x0000000800000000)
  region size 1024K, 6 young (6144K), 3 survivors (3072K)
 Metaspace       used 75737K, capacity 78910K, committed 79260K, reserved 1118208K
  class space    used 10041K, capacity 10965K, committed 11084K, reserved 1048576K
GC Heap History (10 events):
Event: 78196.985 GC heap before
{Heap before GC invocations=76 (full 14):
 garbage-first heap   total 75776K, used 57177K [0x0000000702000000, 0x0000000800000000)
  region size 1024K, 32 young (32768K), 0 survivors (0K)
 Metaspace       used 75340K, capacity 78462K, committed 78620K, reserved 1118208K
  class space    used 10001K, capacity 10915K, committed 10956K, reserved 1048576K
}
Event: 78196.986 GC heap after
{Heap after GC invocations=77 (full 14):
 garbage-first heap   total 75776K, used 25931K [0x0000000702000000, 0x0000000800000000)
  region size 1024K, 2 young (2048K), 2 survivors (2048K)
 Metaspace       used 75340K, capacity 78462K, committed 78620K, reserved 1118208K
  class space    used 10001K, capacity 10915K, committed 10956K, reserved 1048576K
}
Event: 78197.160 GC heap before
{Heap before GC invocations=77 (full 14):
 garbage-first heap   total 75776K, used 56651K [0x0000000702000000, 0x0000000800000000)
  region size 1024K, 33 young (33792K), 2 survivors (2048K)
 Metaspace       used 75543K, capacity 78700K, committed 79004K, reserved 1118208K
  class space    used 10025K, capacity 10960K, committed 11084K, reserved 1048576K
}
Event: 78197.162 GC heap after
{Heap after GC invocations=78 (full 14):
 garbage-first heap   total 75776K, used 28138K [0x0000000702000000, 0x0000000800000000)
  region size 1024K, 4 young (4096K), 4 survivors (4096K)
 Metaspace       used 75543K, capacity 78700K, committed 79004K, reserved 1118208K
  class space    used 10025K, capacity 10960K, committed 11084K, reserved 1048576K
}
Event: 78197.560 GC heap before
{Heap before GC invocations=78 (full 14):
 garbage-first heap   total 75776K, used 58858K [0x0000000702000000, 0x0000000800000000)
  region size 1024K, 34 young (34816K), 4 survivors (4096K)
 Metaspace       used 75734K, capacity 78910K, committed 79260K, reserved 1118208K
  class space    used 10040K, capacity 10965K, committed 11084K, reserved 1048576K
}
Event: 78197.562 GC heap after
{Heap after GC invocations=79 (full 14):
 garbage-first heap   total 75776K, used 29274K [0x0000000702000000, 0x0000000800000000)
  region size 1024K, 4 young (4096K), 4 survivors (4096K)
 Metaspace       used 75734K, capacity 78910K, committed 79260K, reserved 1118208K
  class space    used 10040K, capacity 10965K, committed 11084K, reserved 1048576K
}
Event: 78248.783 GC heap before
{Heap before GC invocations=79 (full 14):
 garbage-first heap   total 75776K, used 61018K [0x0000000702000000, 0x0000000800000000)
  region size 1024K, 33 young (33792K), 4 survivors (4096K)
 Metaspace       used 75737K, capacity 78910K, committed 79260K, reserved 1118208K
  class space    used 10041K, capacity 10965K, committed 11084K, reserved 1048576K
}
Event: 78248.785 GC heap after
{Heap after GC invocations=80 (full 14):
 garbage-first heap   total 75776K, used 32024K [0x0000000702000000, 0x0000000800000000)
  region size 1024K, 3 young (3072K), 3 survivors (3072K)
 Metaspace       used 75737K, capacity 78910K, committed 79260K, reserved 1118208K
  class space    used 10041K, capacity 10965K, committed 11084K, reserved 1048576K
}
Event: 78468.432 GC heap before
{Heap before GC invocations=80 (full 14):
 garbage-first heap   total 75776K, used 59672K [0x0000000702000000, 0x0000000800000000)
  region size 1024K, 30 young (30720K), 3 survivors (3072K)
 Metaspace       used 75737K, capacity 78910K, committed 79260K, reserved 1118208K
  class space    used 10041K, capacity 10965K, committed 11084K, reserved 1048576K
}
Event: 78468.433 GC heap after
{Heap after GC invocations=81 (full 14):
 garbage-first heap   total 75776K, used 32005K [0x0000000702000000, 0x0000000800000000)
  region size 1024K, 3 young (3072K), 3 survivors (3072K)
 Metaspace       used 75737K, capacity 78910K, committed 79260K, reserved 1118208K
  class space    used 10041K, capacity 10965K, committed 11084K, reserved 1048576K
}

